[debug] [2024-12-27T11:04:08.939Z] ----------------------------------------------------------------------
[debug] [2024-12-27T11:04:08.941Z] Command:       C:\Program Files\nodejs\node.exe C:\Users\MSI\AppData\Roaming\npm\node_modules\firebase-tools\lib\bin\firebase.js deploy
[debug] [2024-12-27T11:04:08.941Z] CLI Version:   11.22.0
[debug] [2024-12-27T11:04:08.941Z] Platform:      win32
[debug] [2024-12-27T11:04:08.941Z] Node Version:  v16.16.0
[debug] [2024-12-27T11:04:08.942Z] Time:          Fri Dec 27 2024 16:49:08 GMT+0545 (Nepal Time)
[debug] [2024-12-27T11:04:08.942Z] ----------------------------------------------------------------------
[debug] 
[debug] [2024-12-27T11:04:09.204Z] >>> [apiv2][query] GET https://firebase-public.firebaseio.com/cli.json [none]
[debug] [2024-12-27T11:04:09.292Z] > command requires scopes: ["email","openid","https://www.googleapis.com/auth/cloudplatformprojects.readonly","https://www.googleapis.com/auth/firebase","https://www.googleapis.com/auth/cloud-platform"]
[debug] [2024-12-27T11:04:09.292Z] > authorizing via signed-in user (abinashmandal33486@gmail.com)
[debug] [2024-12-27T11:04:09.293Z] [iam] checking project civilengineering-mcq for permissions ["firebase.projects.get","firebasehosting.sites.update"]
[debug] [2024-12-27T11:04:09.294Z] > refreshing access token with scopes: []
[debug] [2024-12-27T11:04:09.294Z] >>> [apiv2][query] POST https://www.googleapis.com/oauth2/v3/token [none]
[debug] [2024-12-27T11:04:09.294Z] >>> [apiv2][body] POST https://www.googleapis.com/oauth2/v3/token [omitted]
[debug] [2024-12-27T11:04:09.543Z] <<< [apiv2][status] POST https://www.googleapis.com/oauth2/v3/token 400
[debug] [2024-12-27T11:04:09.543Z] <<< [apiv2][body] POST https://www.googleapis.com/oauth2/v3/token [omitted]
[debug] [2024-12-27T11:04:09.543Z] >>> [apiv2][query] POST https://cloudresourcemanager.googleapis.com/v1/projects/civilengineering-mcq:testIamPermissions [none]
[debug] [2024-12-27T11:04:09.543Z] >>> [apiv2][(partial)header] POST https://cloudresourcemanager.googleapis.com/v1/projects/civilengineering-mcq:testIamPermissions x-goog-quota-user=projects/civilengineering-mcq
[debug] [2024-12-27T11:04:09.544Z] >>> [apiv2][body] POST https://cloudresourcemanager.googleapis.com/v1/projects/civilengineering-mcq:testIamPermissions {"permissions":["firebase.projects.get","firebasehosting.sites.update"]}
[debug] [2024-12-27T11:04:09.916Z] <<< [apiv2][status] GET https://firebase-public.firebaseio.com/cli.json 200
[debug] [2024-12-27T11:04:09.916Z] <<< [apiv2][body] GET https://firebase-public.firebaseio.com/cli.json {"cloudBuildErrorAfter":1594252800000,"cloudBuildWarnAfter":1590019200000,"defaultNode10After":1594252800000,"minVersion":"3.0.5","node8DeploysDisabledAfter":1613390400000,"node8RuntimeDisabledAfter":1615809600000,"node8WarnAfter":1600128000000}
[debug] [2024-12-27T11:04:11.008Z] <<< [apiv2][status] POST https://cloudresourcemanager.googleapis.com/v1/projects/civilengineering-mcq:testIamPermissions 401
[debug] [2024-12-27T11:04:11.008Z] <<< [apiv2][body] POST https://cloudresourcemanager.googleapis.com/v1/projects/civilengineering-mcq:testIamPermissions {"error":{"code":401,"message":"Request had invalid authentication credentials. Expected OAuth 2 access token, login cookie or other valid authentication credential. See https://developers.google.com/identity/sign-in/web/devconsole-project.","status":"UNAUTHENTICATED","details":[{"@type":"type.googleapis.com/google.rpc.ErrorInfo","reason":"ACCESS_TOKEN_TYPE_UNSUPPORTED","metadata":{"method":"google.cloudresourcemanager.v1.Projects.TestIamPermissions","service":"cloudresourcemanager.googleapis.com"}}]}}
[debug] [2024-12-27T11:04:11.009Z] [iam] error while checking permissions, command may fail: FirebaseError: HTTP Error: 401, Request had invalid authentication credentials. Expected OAuth 2 access token, login cookie or other valid authentication credential. See https://developers.google.com/identity/sign-in/web/devconsole-project.
[debug] [2024-12-27T11:04:11.009Z] > refreshing access token with scopes: []
[debug] [2024-12-27T11:04:11.010Z] >>> [apiv2][query] POST https://www.googleapis.com/oauth2/v3/token [none]
[debug] [2024-12-27T11:04:11.010Z] >>> [apiv2][body] POST https://www.googleapis.com/oauth2/v3/token [omitted]
[debug] [2024-12-27T11:04:11.224Z] <<< [apiv2][status] POST https://www.googleapis.com/oauth2/v3/token 400
[debug] [2024-12-27T11:04:11.224Z] <<< [apiv2][body] POST https://www.googleapis.com/oauth2/v3/token [omitted]
[debug] [2024-12-27T11:04:11.225Z] >>> [apiv2][query] GET https://firebase.googleapis.com/v1beta1/projects/civilengineering-mcq [none]
[debug] [2024-12-27T11:04:11.705Z] <<< [apiv2][status] GET https://firebase.googleapis.com/v1beta1/projects/civilengineering-mcq 401
[debug] [2024-12-27T11:04:11.705Z] <<< [apiv2][body] GET https://firebase.googleapis.com/v1beta1/projects/civilengineering-mcq {"error":{"code":401,"message":"Request had invalid authentication credentials. Expected OAuth 2 access token, login cookie or other valid authentication credential. See https://developers.google.com/identity/sign-in/web/devconsole-project.","status":"UNAUTHENTICATED"}}
[debug] [2024-12-27T11:04:11.706Z] HTTP Error: 401, Request had invalid authentication credentials. Expected OAuth 2 access token, login cookie or other valid authentication credential. See https://developers.google.com/identity/sign-in/web/devconsole-project.
[debug] [2024-12-27T11:04:11.905Z] FirebaseError: HTTP Error: 401, Request had invalid authentication credentials. Expected OAuth 2 access token, login cookie or other valid authentication credential. See https://developers.google.com/identity/sign-in/web/devconsole-project.
    at responseToError (C:\Users\MSI\AppData\Roaming\npm\node_modules\firebase-tools\lib\responseToError.js:49:12)
    at RetryOperation._fn (C:\Users\MSI\AppData\Roaming\npm\node_modules\firebase-tools\lib\apiv2.js:288:77)
    at processTicksAndRejections (node:internal/process/task_queues:96:5)
[error] 
[error] Error: Failed to get Firebase project civilengineering-mcq. Please make sure the project exists and your account has permission to access it.
